This is METAFONT, Version 2.7182818 (TeX Live 2020/Arch Linux) (preloaded base=mf 2020.11.25)  28 NOV 2020 19:27
**\mode:=ljfour; mag:=1; ; nonstopmode; input labmr10
(/usr/share/texmf-dist/fonts/source/lh/lh-t2a/labmr10.mf
(/usr/share/texmf-dist/fonts/source/lh/base/fikparm.mf
(/usr/share/texmf-dist/fonts/source/public/cm/cmbase.mf)
(/usr/share/texmf-dist/fonts/source/lh/base/lcyrbeg.mf)
(/usr/share/texmf-dist/fonts/source/lh/base/lkligtbl.mf)
>> 10
>> "input ebmr10"
! I can't find file `ebmr10'.
<scantokens> input ebmr10
                         
<to be read again> 
                   ;
use_driver->...#=pt#;pt#:=true_pt#;scantokens(ss);
                                                  pt#:=true_pt#;font_identif...
l.304 use_driver(fonteq)
                        ;
Please type another input file name
! Emergency stop.
<scantokens> input ebmr10
                         
<to be read again> 
                   ;
use_driver->...#=pt#;pt#:=true_pt#;scantokens(ss);
                                                  pt#:=true_pt#;font_identif...
l.304 use_driver(fonteq)
                        ;
*** (job aborted, file error in nonstop mode)

 
Here is how much of METAFONT's memory you used:
 435 strings out of 5271
 4147 string characters out of 69929
 25419 words of memory out of 5000000
 1338 symbolic tokens out of 9500
 5i,80n,0r,4p,186b stack positions out of 300i,300n,1000r,150p,200000b

